[2023-02-01T11:18:50.768] [WARN] default - Ruta desconocida { ruta: { '0': '/products' } }
[2023-02-01T11:19:10.222] [WARN] default - Ruta desconocida { ruta: { '0': '/api/products' } }
[2023-02-04T20:00:39.296] [ERROR] default - Failed to read all objects
[2023-02-04T20:02:37.043] [ERROR] default - Failed to read all objects
[2023-02-04T20:02:37.063] [ERROR] default - TypeError: Cannot read properties of undefined (reading 'map')
    at ProductoFactory.readAll (file:///C:/Users/Sx_Ja/OneDrive/Escritorio/coderhouse/BackEnd/proyecto-final/src/classes/products.factory.js:22:25)
    at async readProducts (file:///C:/Users/Sx_Ja/OneDrive/Escritorio/coderhouse/BackEnd/proyecto-final/src/controllers/product.controller.js:12:26)
[2023-02-04T20:19:40.916] [ERROR] default - Failed to find the object
[2023-02-04T20:19:41.112] [ERROR] default - TypeError: Cannot read properties of undefined (reading 'name')
    at new ProductDto (file:///C:/Users/Sx_Ja/OneDrive/Escritorio/coderhouse/BackEnd/proyecto-final/src/classes/products.dtos.js:3:29)
    at ProductoFactory.read (file:///C:/Users/Sx_Ja/OneDrive/Escritorio/coderhouse/BackEnd/proyecto-final/src/classes/products.factory.js:13:28)
    at async readProduct (file:///C:/Users/Sx_Ja/OneDrive/Escritorio/coderhouse/BackEnd/proyecto-final/src/controllers/product.controller.js:22:27)
[2023-02-04T20:30:24.231] [ERROR] default - ReferenceError: orderFactory is not defined
    at saveOrder (file:///C:/Users/Sx_Ja/OneDrive/Escritorio/coderhouse/BackEnd/proyecto-final/src/controllers/order.controller.js:29:30)
    at Layer.handle [as handle_request] (C:\Users\Sx_Ja\OneDrive\Escritorio\coderhouse\BackEnd\proyecto-final\node_modules\express\lib\router\layer.js:95:5)
    at next (C:\Users\Sx_Ja\OneDrive\Escritorio\coderhouse\BackEnd\proyecto-final\node_modules\express\lib\router\route.js:144:13)
    at Route.dispatch (C:\Users\Sx_Ja\OneDrive\Escritorio\coderhouse\BackEnd\proyecto-final\node_modules\express\lib\router\route.js:114:3)
    at Layer.handle [as handle_request] (C:\Users\Sx_Ja\OneDrive\Escritorio\coderhouse\BackEnd\proyecto-final\node_modules\express\lib\router\layer.js:95:5)
    at C:\Users\Sx_Ja\OneDrive\Escritorio\coderhouse\BackEnd\proyecto-final\node_modules\express\lib\router\index.js:284:15
    at Function.process_params (C:\Users\Sx_Ja\OneDrive\Escritorio\coderhouse\BackEnd\proyecto-final\node_modules\express\lib\router\index.js:346:12)
    at next (C:\Users\Sx_Ja\OneDrive\Escritorio\coderhouse\BackEnd\proyecto-final\node_modules\express\lib\router\index.js:280:10)
    at Function.handle (C:\Users\Sx_Ja\OneDrive\Escritorio\coderhouse\BackEnd\proyecto-final\node_modules\express\lib\router\index.js:175:3)
    at router (C:\Users\Sx_Ja\OneDrive\Escritorio\coderhouse\BackEnd\proyecto-final\node_modules\express\lib\router\index.js:47:12)
[2023-02-05T12:56:25.263] [ERROR] default - Error en el login
[2023-02-05T12:58:35.418] [ERROR] default - Failed to read all objects
[2023-02-05T13:02:19.040] [ERROR] default - Error en el login
[2023-02-05T16:10:44.529] [ERROR] default - ReferenceError: generateHashPassword is not defined
    at registerUser (file:///C:/Users/Sx_Ja/OneDrive/Escritorio/coderhouse/BackEnd/proyecto-final/src/controllers/page.controller.js:119:28)
[2023-02-05T16:12:52.313] [ERROR] default - ReferenceError: generateHashPassword is not defined
    at registerUser (file:///C:/Users/Sx_Ja/OneDrive/Escritorio/coderhouse/BackEnd/proyecto-final/src/controllers/page.controller.js:119:28)
[2023-02-05T16:20:04.785] [ERROR] default - ReferenceError: productFactory is not defined
    at home (file:///C:/Users/Sx_Ja/OneDrive/Escritorio/coderhouse/BackEnd/proyecto-final/src/controllers/page.controller.js:32:25)
    at Layer.handle [as handle_request] (C:\Users\Sx_Ja\OneDrive\Escritorio\coderhouse\BackEnd\proyecto-final\node_modules\express\lib\router\layer.js:95:5)
    at next (C:\Users\Sx_Ja\OneDrive\Escritorio\coderhouse\BackEnd\proyecto-final\node_modules\express\lib\router\route.js:144:13)
    at auth (file:///C:/Users/Sx_Ja/OneDrive/Escritorio/coderhouse/BackEnd/proyecto-final/server.js:122:16)
    at Layer.handle [as handle_request] (C:\Users\Sx_Ja\OneDrive\Escritorio\coderhouse\BackEnd\proyecto-final\node_modules\express\lib\router\layer.js:95:5)
    at next (C:\Users\Sx_Ja\OneDrive\Escritorio\coderhouse\BackEnd\proyecto-final\node_modules\express\lib\router\route.js:144:13)
    at Route.dispatch (C:\Users\Sx_Ja\OneDrive\Escritorio\coderhouse\BackEnd\proyecto-final\node_modules\express\lib\router\route.js:114:3)
    at Layer.handle [as handle_request] (C:\Users\Sx_Ja\OneDrive\Escritorio\coderhouse\BackEnd\proyecto-final\node_modules\express\lib\router\layer.js:95:5)
    at C:\Users\Sx_Ja\OneDrive\Escritorio\coderhouse\BackEnd\proyecto-final\node_modules\express\lib\router\index.js:284:15
    at Function.process_params (C:\Users\Sx_Ja\OneDrive\Escritorio\coderhouse\BackEnd\proyecto-final\node_modules\express\lib\router\index.js:346:12)
[2023-02-05T16:21:40.815] [ERROR] default - TypeError: Cannot read properties of undefined (reading 'readAll')
    at ProductoFactory.readAll (file:///C:/Users/Sx_Ja/OneDrive/Escritorio/coderhouse/BackEnd/proyecto-final/src/classes/products.factory.js:21:41)
    at home (file:///C:/Users/Sx_Ja/OneDrive/Escritorio/coderhouse/BackEnd/proyecto-final/src/controllers/page.controller.js:34:46)
    at Layer.handle [as handle_request] (C:\Users\Sx_Ja\OneDrive\Escritorio\coderhouse\BackEnd\proyecto-final\node_modules\express\lib\router\layer.js:95:5)
    at next (C:\Users\Sx_Ja\OneDrive\Escritorio\coderhouse\BackEnd\proyecto-final\node_modules\express\lib\router\route.js:144:13)
    at auth (file:///C:/Users/Sx_Ja/OneDrive/Escritorio/coderhouse/BackEnd/proyecto-final/server.js:122:16)
    at Layer.handle [as handle_request] (C:\Users\Sx_Ja\OneDrive\Escritorio\coderhouse\BackEnd\proyecto-final\node_modules\express\lib\router\layer.js:95:5)
    at next (C:\Users\Sx_Ja\OneDrive\Escritorio\coderhouse\BackEnd\proyecto-final\node_modules\express\lib\router\route.js:144:13)
    at Route.dispatch (C:\Users\Sx_Ja\OneDrive\Escritorio\coderhouse\BackEnd\proyecto-final\node_modules\express\lib\router\route.js:114:3)
    at Layer.handle [as handle_request] (C:\Users\Sx_Ja\OneDrive\Escritorio\coderhouse\BackEnd\proyecto-final\node_modules\express\lib\router\layer.js:95:5)
    at C:\Users\Sx_Ja\OneDrive\Escritorio\coderhouse\BackEnd\proyecto-final\node_modules\express\lib\router\index.js:284:15
[2023-02-05T16:23:57.656] [ERROR] default - Failed to find the object
[2023-02-05T16:23:57.663] [ERROR] default - TypeError: Cannot read properties of undefined (reading 'name')
    at new ProductDto (file:///C:/Users/Sx_Ja/OneDrive/Escritorio/coderhouse/BackEnd/proyecto-final/src/classes/products.dtos.js:3:29)
    at ProductoFactory.read (file:///C:/Users/Sx_Ja/OneDrive/Escritorio/coderhouse/BackEnd/proyecto-final/src/classes/products.factory.js:13:28)
    at async productID (file:///C:/Users/Sx_Ja/OneDrive/Escritorio/coderhouse/BackEnd/proyecto-final/src/controllers/page.controller.js:98:21)
[2023-02-05T16:24:00.472] [ERROR] default - Failed to find the object
[2023-02-05T16:24:00.666] [ERROR] default - TypeError: Cannot read properties of undefined (reading 'name')
    at new ProductDto (file:///C:/Users/Sx_Ja/OneDrive/Escritorio/coderhouse/BackEnd/proyecto-final/src/classes/products.dtos.js:3:29)
    at ProductoFactory.read (file:///C:/Users/Sx_Ja/OneDrive/Escritorio/coderhouse/BackEnd/proyecto-final/src/classes/products.factory.js:13:28)
    at async productID (file:///C:/Users/Sx_Ja/OneDrive/Escritorio/coderhouse/BackEnd/proyecto-final/src/controllers/page.controller.js:98:21)
[2023-02-05T16:26:05.702] [ERROR] default - Failed to find the object
[2023-02-05T16:26:05.714] [ERROR] default - Failed to find the object
[2023-02-05T16:26:05.718] [ERROR] default - TypeError: Cannot read properties of undefined (reading 'name')
    at new ProductDto (file:///C:/Users/Sx_Ja/OneDrive/Escritorio/coderhouse/BackEnd/proyecto-final/src/classes/products.dtos.js:3:29)
    at ProductoFactory.read (file:///C:/Users/Sx_Ja/OneDrive/Escritorio/coderhouse/BackEnd/proyecto-final/src/classes/products.factory.js:13:28)
    at async productID (file:///C:/Users/Sx_Ja/OneDrive/Escritorio/coderhouse/BackEnd/proyecto-final/src/controllers/page.controller.js:98:21)
[2023-02-05T16:26:05.719] [ERROR] default - TypeError: Cannot read properties of undefined (reading 'name')
    at new ProductDto (file:///C:/Users/Sx_Ja/OneDrive/Escritorio/coderhouse/BackEnd/proyecto-final/src/classes/products.dtos.js:3:29)
    at ProductoFactory.read (file:///C:/Users/Sx_Ja/OneDrive/Escritorio/coderhouse/BackEnd/proyecto-final/src/classes/products.factory.js:13:28)
    at async productID (file:///C:/Users/Sx_Ja/OneDrive/Escritorio/coderhouse/BackEnd/proyecto-final/src/controllers/page.controller.js:98:21)
[2023-02-05T16:26:07.794] [ERROR] default - Failed to find the object
[2023-02-05T16:26:07.985] [ERROR] default - TypeError: Cannot read properties of undefined (reading 'name')
    at new ProductDto (file:///C:/Users/Sx_Ja/OneDrive/Escritorio/coderhouse/BackEnd/proyecto-final/src/classes/products.dtos.js:3:29)
    at ProductoFactory.read (file:///C:/Users/Sx_Ja/OneDrive/Escritorio/coderhouse/BackEnd/proyecto-final/src/classes/products.factory.js:13:28)
    at async productID (file:///C:/Users/Sx_Ja/OneDrive/Escritorio/coderhouse/BackEnd/proyecto-final/src/controllers/page.controller.js:98:21)
[2023-02-05T16:26:29.719] [ERROR] default - Failed to find the object
[2023-02-05T16:26:29.735] [ERROR] default - TypeError: Cannot read properties of undefined (reading 'name')
    at new ProductDto (file:///C:/Users/Sx_Ja/OneDrive/Escritorio/coderhouse/BackEnd/proyecto-final/src/classes/products.dtos.js:3:29)
    at ProductoFactory.read (file:///C:/Users/Sx_Ja/OneDrive/Escritorio/coderhouse/BackEnd/proyecto-final/src/classes/products.factory.js:14:28)
    at async productID (file:///C:/Users/Sx_Ja/OneDrive/Escritorio/coderhouse/BackEnd/proyecto-final/src/controllers/page.controller.js:98:21)
[2023-02-05T16:26:31.834] [ERROR] default - Failed to find the object
[2023-02-05T16:26:32.032] [ERROR] default - TypeError: Cannot read properties of undefined (reading 'name')
    at new ProductDto (file:///C:/Users/Sx_Ja/OneDrive/Escritorio/coderhouse/BackEnd/proyecto-final/src/classes/products.dtos.js:3:29)
    at ProductoFactory.read (file:///C:/Users/Sx_Ja/OneDrive/Escritorio/coderhouse/BackEnd/proyecto-final/src/classes/products.factory.js:14:28)
    at async productID (file:///C:/Users/Sx_Ja/OneDrive/Escritorio/coderhouse/BackEnd/proyecto-final/src/controllers/page.controller.js:98:21)
[2023-02-05T16:28:43.305] [ERROR] default - Failed to find the object
[2023-02-05T16:28:43.321] [ERROR] default - TypeError: Cannot read properties of undefined (reading 'name')
    at new ProductDto (file:///C:/Users/Sx_Ja/OneDrive/Escritorio/coderhouse/BackEnd/proyecto-final/src/classes/products.dtos.js:3:29)
    at ProductoFactory.read (file:///C:/Users/Sx_Ja/OneDrive/Escritorio/coderhouse/BackEnd/proyecto-final/src/classes/products.factory.js:13:28)
    at async productID (file:///C:/Users/Sx_Ja/OneDrive/Escritorio/coderhouse/BackEnd/proyecto-final/src/controllers/page.controller.js:98:21)
[2023-02-05T16:28:45.397] [ERROR] default - Failed to find the object
[2023-02-05T16:28:45.589] [ERROR] default - TypeError: Cannot read properties of undefined (reading 'name')
    at new ProductDto (file:///C:/Users/Sx_Ja/OneDrive/Escritorio/coderhouse/BackEnd/proyecto-final/src/classes/products.dtos.js:3:29)
    at ProductoFactory.read (file:///C:/Users/Sx_Ja/OneDrive/Escritorio/coderhouse/BackEnd/proyecto-final/src/classes/products.factory.js:13:28)
    at async productID (file:///C:/Users/Sx_Ja/OneDrive/Escritorio/coderhouse/BackEnd/proyecto-final/src/controllers/page.controller.js:98:21)
[2023-02-05T16:31:34.491] [ERROR] default - Failed to find the object
[2023-02-05T16:31:34.500] [ERROR] default - TypeError: Cannot read properties of undefined (reading 'name')
    at new ProductDto (file:///C:/Users/Sx_Ja/OneDrive/Escritorio/coderhouse/BackEnd/proyecto-final/src/classes/products.dtos.js:3:29)
    at ProductoFactory.read (file:///C:/Users/Sx_Ja/OneDrive/Escritorio/coderhouse/BackEnd/proyecto-final/src/classes/products.factory.js:13:28)
    at async productID (file:///C:/Users/Sx_Ja/OneDrive/Escritorio/coderhouse/BackEnd/proyecto-final/src/controllers/page.controller.js:98:21)
[2023-02-05T16:31:36.544] [ERROR] default - Failed to find the object
[2023-02-05T16:31:36.742] [ERROR] default - TypeError: Cannot read properties of undefined (reading 'name')
    at new ProductDto (file:///C:/Users/Sx_Ja/OneDrive/Escritorio/coderhouse/BackEnd/proyecto-final/src/classes/products.dtos.js:3:29)
    at ProductoFactory.read (file:///C:/Users/Sx_Ja/OneDrive/Escritorio/coderhouse/BackEnd/proyecto-final/src/classes/products.factory.js:13:28)
    at async productID (file:///C:/Users/Sx_Ja/OneDrive/Escritorio/coderhouse/BackEnd/proyecto-final/src/controllers/page.controller.js:98:21)
[2023-02-05T16:32:54.912] [ERROR] default - Error en el login
[2023-02-05T16:33:19.417] [ERROR] default - Failed to find the object
[2023-02-05T16:33:19.424] [ERROR] default - TypeError: Cannot read properties of undefined (reading 'name')
    at new ProductDto (file:///C:/Users/Sx_Ja/OneDrive/Escritorio/coderhouse/BackEnd/proyecto-final/src/classes/products.dtos.js:3:29)
    at ProductoFactory.read (file:///C:/Users/Sx_Ja/OneDrive/Escritorio/coderhouse/BackEnd/proyecto-final/src/classes/products.factory.js:13:28)
    at async productID (file:///C:/Users/Sx_Ja/OneDrive/Escritorio/coderhouse/BackEnd/proyecto-final/src/controllers/page.controller.js:98:21)
[2023-02-05T16:33:21.462] [ERROR] default - Failed to find the object
[2023-02-05T16:33:21.653] [ERROR] default - TypeError: Cannot read properties of undefined (reading 'name')
    at new ProductDto (file:///C:/Users/Sx_Ja/OneDrive/Escritorio/coderhouse/BackEnd/proyecto-final/src/classes/products.dtos.js:3:29)
    at ProductoFactory.read (file:///C:/Users/Sx_Ja/OneDrive/Escritorio/coderhouse/BackEnd/proyecto-final/src/classes/products.factory.js:13:28)
    at async productID (file:///C:/Users/Sx_Ja/OneDrive/Escritorio/coderhouse/BackEnd/proyecto-final/src/controllers/page.controller.js:98:21)
[2023-02-05T16:34:24.674] [ERROR] default - Failed to find the object
[2023-02-05T16:34:24.697] [ERROR] default - TypeError: Cannot read properties of undefined (reading 'name')
    at new ProductDto (file:///C:/Users/Sx_Ja/OneDrive/Escritorio/coderhouse/BackEnd/proyecto-final/src/classes/products.dtos.js:3:29)
    at ProductoFactory.read (file:///C:/Users/Sx_Ja/OneDrive/Escritorio/coderhouse/BackEnd/proyecto-final/src/classes/products.factory.js:13:28)
    at async productID (file:///C:/Users/Sx_Ja/OneDrive/Escritorio/coderhouse/BackEnd/proyecto-final/src/controllers/page.controller.js:98:21)
[2023-02-05T16:34:26.758] [ERROR] default - Failed to find the object
[2023-02-05T16:34:26.953] [ERROR] default - TypeError: Cannot read properties of undefined (reading 'name')
    at new ProductDto (file:///C:/Users/Sx_Ja/OneDrive/Escritorio/coderhouse/BackEnd/proyecto-final/src/classes/products.dtos.js:3:29)
    at ProductoFactory.read (file:///C:/Users/Sx_Ja/OneDrive/Escritorio/coderhouse/BackEnd/proyecto-final/src/classes/products.factory.js:13:28)
    at async productID (file:///C:/Users/Sx_Ja/OneDrive/Escritorio/coderhouse/BackEnd/proyecto-final/src/controllers/page.controller.js:98:21)
[2023-02-05T16:35:17.180] [ERROR] default - Failed to find the object
[2023-02-05T16:35:17.194] [ERROR] default - TypeError: Cannot read properties of undefined (reading 'name')
    at new ProductDto (file:///C:/Users/Sx_Ja/OneDrive/Escritorio/coderhouse/BackEnd/proyecto-final/src/classes/products.dtos.js:3:29)
    at ProductoFactory.read (file:///C:/Users/Sx_Ja/OneDrive/Escritorio/coderhouse/BackEnd/proyecto-final/src/classes/products.factory.js:13:28)
    at async productID (file:///C:/Users/Sx_Ja/OneDrive/Escritorio/coderhouse/BackEnd/proyecto-final/src/controllers/page.controller.js:98:21)
[2023-02-05T16:35:19.626] [ERROR] default - Failed to find the object
[2023-02-05T16:35:19.816] [ERROR] default - TypeError: Cannot read properties of undefined (reading 'name')
    at new ProductDto (file:///C:/Users/Sx_Ja/OneDrive/Escritorio/coderhouse/BackEnd/proyecto-final/src/classes/products.dtos.js:3:29)
    at ProductoFactory.read (file:///C:/Users/Sx_Ja/OneDrive/Escritorio/coderhouse/BackEnd/proyecto-final/src/classes/products.factory.js:13:28)
    at async productID (file:///C:/Users/Sx_Ja/OneDrive/Escritorio/coderhouse/BackEnd/proyecto-final/src/controllers/page.controller.js:98:21)
[2023-02-05T16:36:31.484] [ERROR] default - Failed to find the object
[2023-02-05T16:36:31.506] [ERROR] default - TypeError: Cannot read properties of undefined (reading 'name')
    at new ProductDto (file:///C:/Users/Sx_Ja/OneDrive/Escritorio/coderhouse/BackEnd/proyecto-final/src/classes/products.dtos.js:3:29)
    at ProductoFactory.read (file:///C:/Users/Sx_Ja/OneDrive/Escritorio/coderhouse/BackEnd/proyecto-final/src/classes/products.factory.js:14:28)
    at async productID (file:///C:/Users/Sx_Ja/OneDrive/Escritorio/coderhouse/BackEnd/proyecto-final/src/controllers/page.controller.js:98:21)
[2023-02-05T16:36:33.592] [ERROR] default - Failed to find the object
[2023-02-05T16:36:33.786] [ERROR] default - TypeError: Cannot read properties of undefined (reading 'name')
    at new ProductDto (file:///C:/Users/Sx_Ja/OneDrive/Escritorio/coderhouse/BackEnd/proyecto-final/src/classes/products.dtos.js:3:29)
    at ProductoFactory.read (file:///C:/Users/Sx_Ja/OneDrive/Escritorio/coderhouse/BackEnd/proyecto-final/src/classes/products.factory.js:14:28)
    at async productID (file:///C:/Users/Sx_Ja/OneDrive/Escritorio/coderhouse/BackEnd/proyecto-final/src/controllers/page.controller.js:98:21)
[2023-02-05T16:38:30.004] [ERROR] default - Failed to find the object
[2023-02-05T16:38:30.037] [ERROR] default - TypeError: Cannot read properties of undefined (reading 'name')
    at new ProductDto (file:///C:/Users/Sx_Ja/OneDrive/Escritorio/coderhouse/BackEnd/proyecto-final/src/classes/products.dtos.js:3:29)
    at ProductoFactory.read (file:///C:/Users/Sx_Ja/OneDrive/Escritorio/coderhouse/BackEnd/proyecto-final/src/classes/products.factory.js:13:28)
    at async productID (file:///C:/Users/Sx_Ja/OneDrive/Escritorio/coderhouse/BackEnd/proyecto-final/src/controllers/page.controller.js:98:21)
[2023-02-05T16:38:32.371] [ERROR] default - Failed to find the object
[2023-02-05T16:38:32.546] [ERROR] default - TypeError: Cannot read properties of undefined (reading 'name')
    at new ProductDto (file:///C:/Users/Sx_Ja/OneDrive/Escritorio/coderhouse/BackEnd/proyecto-final/src/classes/products.dtos.js:3:29)
    at ProductoFactory.read (file:///C:/Users/Sx_Ja/OneDrive/Escritorio/coderhouse/BackEnd/proyecto-final/src/classes/products.factory.js:13:28)
    at async productID (file:///C:/Users/Sx_Ja/OneDrive/Escritorio/coderhouse/BackEnd/proyecto-final/src/controllers/page.controller.js:98:21)
[2023-02-05T16:39:32.819] [ERROR] default - Failed to find the object
[2023-02-05T16:39:32.838] [ERROR] default - TypeError: Cannot read properties of undefined (reading 'name')
    at new ProductDto (file:///C:/Users/Sx_Ja/OneDrive/Escritorio/coderhouse/BackEnd/proyecto-final/src/classes/products.dtos.js:3:29)
    at ProductoFactory.read (file:///C:/Users/Sx_Ja/OneDrive/Escritorio/coderhouse/BackEnd/proyecto-final/src/classes/products.factory.js:13:28)
    at async productID (file:///C:/Users/Sx_Ja/OneDrive/Escritorio/coderhouse/BackEnd/proyecto-final/src/controllers/page.controller.js:98:21)
[2023-02-05T16:39:35.148] [ERROR] default - Failed to find the object
[2023-02-05T16:39:35.342] [ERROR] default - TypeError: Cannot read properties of undefined (reading 'name')
    at new ProductDto (file:///C:/Users/Sx_Ja/OneDrive/Escritorio/coderhouse/BackEnd/proyecto-final/src/classes/products.dtos.js:3:29)
    at ProductoFactory.read (file:///C:/Users/Sx_Ja/OneDrive/Escritorio/coderhouse/BackEnd/proyecto-final/src/classes/products.factory.js:13:28)
    at async productID (file:///C:/Users/Sx_Ja/OneDrive/Escritorio/coderhouse/BackEnd/proyecto-final/src/controllers/page.controller.js:98:21)
[2023-02-05T16:40:16.311] [ERROR] default - Failed to find the object
[2023-02-05T16:40:16.515] [ERROR] default - TypeError: Cannot read properties of undefined (reading 'name')
    at new ProductDto (file:///C:/Users/Sx_Ja/OneDrive/Escritorio/coderhouse/BackEnd/proyecto-final/src/classes/products.dtos.js:3:29)
    at ProductoFactory.read (file:///C:/Users/Sx_Ja/OneDrive/Escritorio/coderhouse/BackEnd/proyecto-final/src/classes/products.factory.js:13:28)
    at async readProduct (file:///C:/Users/Sx_Ja/OneDrive/Escritorio/coderhouse/BackEnd/proyecto-final/src/controllers/product.controller.js:22:27)
[2023-02-05T16:40:32.889] [ERROR] default - Failed to find the object
[2023-02-05T16:40:32.901] [ERROR] default - TypeError: Cannot read properties of undefined (reading 'name')
    at new ProductDto (file:///C:/Users/Sx_Ja/OneDrive/Escritorio/coderhouse/BackEnd/proyecto-final/src/classes/products.dtos.js:3:29)
    at ProductoFactory.read (file:///C:/Users/Sx_Ja/OneDrive/Escritorio/coderhouse/BackEnd/proyecto-final/src/classes/products.factory.js:13:28)
    at async productID (file:///C:/Users/Sx_Ja/OneDrive/Escritorio/coderhouse/BackEnd/proyecto-final/src/controllers/page.controller.js:98:21)
[2023-02-05T16:40:34.943] [ERROR] default - Failed to find the object
[2023-02-05T16:40:35.132] [ERROR] default - TypeError: Cannot read properties of undefined (reading 'name')
    at new ProductDto (file:///C:/Users/Sx_Ja/OneDrive/Escritorio/coderhouse/BackEnd/proyecto-final/src/classes/products.dtos.js:3:29)
    at ProductoFactory.read (file:///C:/Users/Sx_Ja/OneDrive/Escritorio/coderhouse/BackEnd/proyecto-final/src/classes/products.factory.js:13:28)
    at async productID (file:///C:/Users/Sx_Ja/OneDrive/Escritorio/coderhouse/BackEnd/proyecto-final/src/controllers/page.controller.js:98:21)
[2023-02-05T16:40:50.079] [ERROR] default - Failed to find the object
[2023-02-05T16:40:50.086] [ERROR] default - TypeError: Cannot read properties of undefined (reading 'name')
    at new ProductDto (file:///C:/Users/Sx_Ja/OneDrive/Escritorio/coderhouse/BackEnd/proyecto-final/src/classes/products.dtos.js:3:29)
    at ProductoFactory.read (file:///C:/Users/Sx_Ja/OneDrive/Escritorio/coderhouse/BackEnd/proyecto-final/src/classes/products.factory.js:13:28)
    at async readProduct (file:///C:/Users/Sx_Ja/OneDrive/Escritorio/coderhouse/BackEnd/proyecto-final/src/controllers/product.controller.js:22:27)
[2023-02-05T16:41:44.469] [ERROR] default - Failed to find the object
[2023-02-05T16:41:44.475] [ERROR] default - TypeError: Cannot read properties of undefined (reading 'name')
    at new ProductDto (file:///C:/Users/Sx_Ja/OneDrive/Escritorio/coderhouse/BackEnd/proyecto-final/src/classes/products.dtos.js:3:29)
    at ProductoFactory.read (file:///C:/Users/Sx_Ja/OneDrive/Escritorio/coderhouse/BackEnd/proyecto-final/src/classes/products.factory.js:13:28)
    at async readProduct (file:///C:/Users/Sx_Ja/OneDrive/Escritorio/coderhouse/BackEnd/proyecto-final/src/controllers/product.controller.js:22:27)
[2023-02-05T16:42:28.583] [ERROR] default - Failed to find the object
[2023-02-05T16:42:28.594] [ERROR] default - TypeError: Cannot read properties of undefined (reading 'name')
    at new ProductDto (file:///C:/Users/Sx_Ja/OneDrive/Escritorio/coderhouse/BackEnd/proyecto-final/src/classes/products.dtos.js:3:29)
    at ProductoFactory.read (file:///C:/Users/Sx_Ja/OneDrive/Escritorio/coderhouse/BackEnd/proyecto-final/src/classes/products.factory.js:13:28)
    at async readProduct (file:///C:/Users/Sx_Ja/OneDrive/Escritorio/coderhouse/BackEnd/proyecto-final/src/controllers/product.controller.js:22:27)
[2023-02-05T16:45:16.898] [ERROR] default - Failed to find the object
[2023-02-05T16:45:16.908] [ERROR] default - TypeError: Cannot read properties of undefined (reading 'name')
    at new ProductDto (file:///C:/Users/Sx_Ja/OneDrive/Escritorio/coderhouse/BackEnd/proyecto-final/src/classes/products.dtos.js:3:29)
    at ProductoFactory.read (file:///C:/Users/Sx_Ja/OneDrive/Escritorio/coderhouse/BackEnd/proyecto-final/src/classes/products.factory.js:13:28)
    at async productID (file:///C:/Users/Sx_Ja/OneDrive/Escritorio/coderhouse/BackEnd/proyecto-final/src/controllers/page.controller.js:98:21)
[2023-02-05T16:45:18.898] [ERROR] default - Failed to find the object
[2023-02-05T16:45:19.084] [ERROR] default - TypeError: Cannot read properties of undefined (reading 'name')
    at new ProductDto (file:///C:/Users/Sx_Ja/OneDrive/Escritorio/coderhouse/BackEnd/proyecto-final/src/classes/products.dtos.js:3:29)
    at ProductoFactory.read (file:///C:/Users/Sx_Ja/OneDrive/Escritorio/coderhouse/BackEnd/proyecto-final/src/classes/products.factory.js:13:28)
    at async productID (file:///C:/Users/Sx_Ja/OneDrive/Escritorio/coderhouse/BackEnd/proyecto-final/src/controllers/page.controller.js:98:21)
[2023-02-05T16:48:00.173] [ERROR] default - Failed to find the object
[2023-02-05T16:48:00.181] [ERROR] default - TypeError: Cannot read properties of undefined (reading 'name')
    at new ProductDto (file:///C:/Users/Sx_Ja/OneDrive/Escritorio/coderhouse/BackEnd/proyecto-final/src/classes/products.dtos.js:3:29)
    at ProductoFactory.read (file:///C:/Users/Sx_Ja/OneDrive/Escritorio/coderhouse/BackEnd/proyecto-final/src/classes/products.factory.js:13:28)
    at async productID (file:///C:/Users/Sx_Ja/OneDrive/Escritorio/coderhouse/BackEnd/proyecto-final/src/controllers/page.controller.js:98:21)
[2023-02-05T16:48:02.214] [ERROR] default - Failed to find the object
[2023-02-05T16:48:02.398] [ERROR] default - TypeError: Cannot read properties of undefined (reading 'name')
    at new ProductDto (file:///C:/Users/Sx_Ja/OneDrive/Escritorio/coderhouse/BackEnd/proyecto-final/src/classes/products.dtos.js:3:29)
    at ProductoFactory.read (file:///C:/Users/Sx_Ja/OneDrive/Escritorio/coderhouse/BackEnd/proyecto-final/src/classes/products.factory.js:13:28)
    at async productID (file:///C:/Users/Sx_Ja/OneDrive/Escritorio/coderhouse/BackEnd/proyecto-final/src/controllers/page.controller.js:98:21)
[2023-02-05T16:50:43.545] [ERROR] default - Failed to find the object
[2023-02-05T16:50:43.812] [ERROR] default - TypeError: Cannot read properties of undefined (reading 'name')
    at new ProductDto (file:///C:/Users/Sx_Ja/OneDrive/Escritorio/coderhouse/BackEnd/proyecto-final/src/classes/products.dtos.js:3:29)
    at ProductoFactory.read (file:///C:/Users/Sx_Ja/OneDrive/Escritorio/coderhouse/BackEnd/proyecto-final/src/classes/products.factory.js:13:28)
    at async productID (file:///C:/Users/Sx_Ja/OneDrive/Escritorio/coderhouse/BackEnd/proyecto-final/src/controllers/page.controller.js:98:21)
[2023-02-05T16:50:45.881] [ERROR] default - Failed to find the object
[2023-02-05T16:50:46.058] [ERROR] default - TypeError: Cannot read properties of undefined (reading 'name')
    at new ProductDto (file:///C:/Users/Sx_Ja/OneDrive/Escritorio/coderhouse/BackEnd/proyecto-final/src/classes/products.dtos.js:3:29)
    at ProductoFactory.read (file:///C:/Users/Sx_Ja/OneDrive/Escritorio/coderhouse/BackEnd/proyecto-final/src/classes/products.factory.js:13:28)
    at async productID (file:///C:/Users/Sx_Ja/OneDrive/Escritorio/coderhouse/BackEnd/proyecto-final/src/controllers/page.controller.js:98:21)
[2023-02-05T16:51:13.851] [ERROR] default - Failed to find the object
[2023-02-05T16:51:14.040] [ERROR] default - TypeError: Cannot read properties of undefined (reading 'name')
    at new ProductDto (file:///C:/Users/Sx_Ja/OneDrive/Escritorio/coderhouse/BackEnd/proyecto-final/src/classes/products.dtos.js:3:29)
    at ProductoFactory.read (file:///C:/Users/Sx_Ja/OneDrive/Escritorio/coderhouse/BackEnd/proyecto-final/src/classes/products.factory.js:13:28)
    at async productID (file:///C:/Users/Sx_Ja/OneDrive/Escritorio/coderhouse/BackEnd/proyecto-final/src/controllers/page.controller.js:98:21)
[2023-02-05T16:51:16.088] [ERROR] default - Failed to find the object
[2023-02-05T16:51:16.281] [ERROR] default - TypeError: Cannot read properties of undefined (reading 'name')
    at new ProductDto (file:///C:/Users/Sx_Ja/OneDrive/Escritorio/coderhouse/BackEnd/proyecto-final/src/classes/products.dtos.js:3:29)
    at ProductoFactory.read (file:///C:/Users/Sx_Ja/OneDrive/Escritorio/coderhouse/BackEnd/proyecto-final/src/classes/products.factory.js:13:28)
    at async productID (file:///C:/Users/Sx_Ja/OneDrive/Escritorio/coderhouse/BackEnd/proyecto-final/src/controllers/page.controller.js:98:21)
[2023-02-05T17:05:27.448] [ERROR] default - Failed to find the object
[2023-02-05T17:05:27.636] [ERROR] default - TypeError: Cannot read properties of undefined (reading 'name')
    at new ProductDto (file:///C:/Users/Sx_Ja/OneDrive/Escritorio/coderhouse/BackEnd/proyecto-final/src/classes/products.dtos.js:3:29)
    at ProductoFactory.read (file:///C:/Users/Sx_Ja/OneDrive/Escritorio/coderhouse/BackEnd/proyecto-final/src/classes/products.factory.js:13:28)
    at async productID (file:///C:/Users/Sx_Ja/OneDrive/Escritorio/coderhouse/BackEnd/proyecto-final/src/controllers/page.controller.js:98:21)
[2023-02-05T17:05:30.428] [ERROR] default - Failed to find the object
[2023-02-05T17:05:30.609] [ERROR] default - TypeError: Cannot read properties of undefined (reading 'name')
    at new ProductDto (file:///C:/Users/Sx_Ja/OneDrive/Escritorio/coderhouse/BackEnd/proyecto-final/src/classes/products.dtos.js:3:29)
    at ProductoFactory.read (file:///C:/Users/Sx_Ja/OneDrive/Escritorio/coderhouse/BackEnd/proyecto-final/src/classes/products.factory.js:13:28)
    at async productID (file:///C:/Users/Sx_Ja/OneDrive/Escritorio/coderhouse/BackEnd/proyecto-final/src/controllers/page.controller.js:98:21)
[2023-02-05T17:05:40.518] [ERROR] default - Failed to find the object
[2023-02-05T17:05:40.520] [ERROR] default - Failed to find the object
[2023-02-05T17:05:40.522] [ERROR] default - Failed to find the object
[2023-02-05T17:05:40.524] [ERROR] default - Failed to find the object
[2023-02-05T17:05:40.526] [ERROR] default - Failed to find the object
[2023-02-05T17:05:40.699] [ERROR] default - TypeError: Cannot read properties of undefined (reading 'name')
    at new ProductDto (file:///C:/Users/Sx_Ja/OneDrive/Escritorio/coderhouse/BackEnd/proyecto-final/src/classes/products.dtos.js:3:29)
    at ProductoFactory.read (file:///C:/Users/Sx_Ja/OneDrive/Escritorio/coderhouse/BackEnd/proyecto-final/src/classes/products.factory.js:13:28)
    at async productID (file:///C:/Users/Sx_Ja/OneDrive/Escritorio/coderhouse/BackEnd/proyecto-final/src/controllers/page.controller.js:98:21)
[2023-02-05T17:05:40.700] [ERROR] default - TypeError: Cannot read properties of undefined (reading 'name')
    at new ProductDto (file:///C:/Users/Sx_Ja/OneDrive/Escritorio/coderhouse/BackEnd/proyecto-final/src/classes/products.dtos.js:3:29)
    at ProductoFactory.read (file:///C:/Users/Sx_Ja/OneDrive/Escritorio/coderhouse/BackEnd/proyecto-final/src/classes/products.factory.js:13:28)
    at async productID (file:///C:/Users/Sx_Ja/OneDrive/Escritorio/coderhouse/BackEnd/proyecto-final/src/controllers/page.controller.js:98:21)
[2023-02-05T17:05:40.701] [ERROR] default - TypeError: Cannot read properties of undefined (reading 'name')
    at new ProductDto (file:///C:/Users/Sx_Ja/OneDrive/Escritorio/coderhouse/BackEnd/proyecto-final/src/classes/products.dtos.js:3:29)
    at ProductoFactory.read (file:///C:/Users/Sx_Ja/OneDrive/Escritorio/coderhouse/BackEnd/proyecto-final/src/classes/products.factory.js:13:28)
    at async productID (file:///C:/Users/Sx_Ja/OneDrive/Escritorio/coderhouse/BackEnd/proyecto-final/src/controllers/page.controller.js:98:21)
[2023-02-05T17:05:40.704] [ERROR] default - TypeError: Cannot read properties of undefined (reading 'name')
    at new ProductDto (file:///C:/Users/Sx_Ja/OneDrive/Escritorio/coderhouse/BackEnd/proyecto-final/src/classes/products.dtos.js:3:29)
    at ProductoFactory.read (file:///C:/Users/Sx_Ja/OneDrive/Escritorio/coderhouse/BackEnd/proyecto-final/src/classes/products.factory.js:13:28)
    at async productID (file:///C:/Users/Sx_Ja/OneDrive/Escritorio/coderhouse/BackEnd/proyecto-final/src/controllers/page.controller.js:98:21)
[2023-02-05T17:05:40.707] [ERROR] default - TypeError: Cannot read properties of undefined (reading 'name')
    at new ProductDto (file:///C:/Users/Sx_Ja/OneDrive/Escritorio/coderhouse/BackEnd/proyecto-final/src/classes/products.dtos.js:3:29)
    at ProductoFactory.read (file:///C:/Users/Sx_Ja/OneDrive/Escritorio/coderhouse/BackEnd/proyecto-final/src/classes/products.factory.js:13:28)
    at async productID (file:///C:/Users/Sx_Ja/OneDrive/Escritorio/coderhouse/BackEnd/proyecto-final/src/controllers/page.controller.js:98:21)
[2023-02-05T17:05:43.031] [ERROR] default - Failed to find the object
[2023-02-05T17:05:43.201] [ERROR] default - TypeError: Cannot read properties of undefined (reading 'name')
    at new ProductDto (file:///C:/Users/Sx_Ja/OneDrive/Escritorio/coderhouse/BackEnd/proyecto-final/src/classes/products.dtos.js:3:29)
    at ProductoFactory.read (file:///C:/Users/Sx_Ja/OneDrive/Escritorio/coderhouse/BackEnd/proyecto-final/src/classes/products.factory.js:13:28)
    at async productID (file:///C:/Users/Sx_Ja/OneDrive/Escritorio/coderhouse/BackEnd/proyecto-final/src/controllers/page.controller.js:98:21)
[2023-02-05T17:05:45.281] [ERROR] default - Failed to find the object
[2023-02-05T17:05:45.468] [ERROR] default - TypeError: Cannot read properties of undefined (reading 'name')
    at new ProductDto (file:///C:/Users/Sx_Ja/OneDrive/Escritorio/coderhouse/BackEnd/proyecto-final/src/classes/products.dtos.js:3:29)
    at ProductoFactory.read (file:///C:/Users/Sx_Ja/OneDrive/Escritorio/coderhouse/BackEnd/proyecto-final/src/classes/products.factory.js:13:28)
    at async productID (file:///C:/Users/Sx_Ja/OneDrive/Escritorio/coderhouse/BackEnd/proyecto-final/src/controllers/page.controller.js:98:21)
[2023-02-05T17:05:52.664] [ERROR] default - Failed to find the object
[2023-02-05T17:05:52.665] [ERROR] default - Failed to find the object
[2023-02-05T17:05:52.877] [ERROR] default - TypeError: Cannot read properties of undefined (reading 'name')
    at new ProductDto (file:///C:/Users/Sx_Ja/OneDrive/Escritorio/coderhouse/BackEnd/proyecto-final/src/classes/products.dtos.js:3:29)
    at ProductoFactory.read (file:///C:/Users/Sx_Ja/OneDrive/Escritorio/coderhouse/BackEnd/proyecto-final/src/classes/products.factory.js:13:28)
    at async productID (file:///C:/Users/Sx_Ja/OneDrive/Escritorio/coderhouse/BackEnd/proyecto-final/src/controllers/page.controller.js:98:21)
[2023-02-05T17:05:52.878] [ERROR] default - TypeError: Cannot read properties of undefined (reading 'name')
    at new ProductDto (file:///C:/Users/Sx_Ja/OneDrive/Escritorio/coderhouse/BackEnd/proyecto-final/src/classes/products.dtos.js:3:29)
    at ProductoFactory.read (file:///C:/Users/Sx_Ja/OneDrive/Escritorio/coderhouse/BackEnd/proyecto-final/src/classes/products.factory.js:13:28)
    at async productID (file:///C:/Users/Sx_Ja/OneDrive/Escritorio/coderhouse/BackEnd/proyecto-final/src/controllers/page.controller.js:98:21)
[2023-02-05T17:05:55.317] [ERROR] default - Failed to find the object
[2023-02-05T17:05:55.509] [ERROR] default - TypeError: Cannot read properties of undefined (reading 'name')
    at new ProductDto (file:///C:/Users/Sx_Ja/OneDrive/Escritorio/coderhouse/BackEnd/proyecto-final/src/classes/products.dtos.js:3:29)
    at ProductoFactory.read (file:///C:/Users/Sx_Ja/OneDrive/Escritorio/coderhouse/BackEnd/proyecto-final/src/classes/products.factory.js:13:28)
    at async productID (file:///C:/Users/Sx_Ja/OneDrive/Escritorio/coderhouse/BackEnd/proyecto-final/src/controllers/page.controller.js:98:21)
[2023-02-05T17:36:34.912] [WARN] default - Ruta desconocida { ruta: { '0': '/productos/atrapasue√±os' } }
[2023-02-05T17:37:28.457] [WARN] default - Ruta desconocida { ruta: { '0': '/productos/images/cart.png' } }
[2023-02-05T17:37:29.347] [WARN] default - Ruta desconocida { ruta: { '0': '/productos/scripts/index.js' } }
[2023-02-05T17:37:47.724] [WARN] default - Ruta desconocida { ruta: { '0': '/productos/images/cart.png' } }
[2023-02-05T17:37:47.946] [WARN] default - Ruta desconocida { ruta: { '0': '/productos/scripts/index.js' } }
[2023-02-05T17:40:42.308] [ERROR] default - Failed to read all objects
[2023-02-05T17:44:14.462] [ERROR] default - ReferenceError: category is not defined
    at ProductoFactory.readByCategory (file:///C:/Users/Sx_Ja/OneDrive/Escritorio/coderhouse/BackEnd/proyecto-final/src/classes/products.factory.js:21:56)
    at category (file:///C:/Users/Sx_Ja/OneDrive/Escritorio/coderhouse/BackEnd/proyecto-final/src/controllers/page.controller.js:154:46)
    at Layer.handle [as handle_request] (C:\Users\Sx_Ja\OneDrive\Escritorio\coderhouse\BackEnd\proyecto-final\node_modules\express\lib\router\layer.js:95:5)
    at next (C:\Users\Sx_Ja\OneDrive\Escritorio\coderhouse\BackEnd\proyecto-final\node_modules\express\lib\router\route.js:144:13)
    at auth (file:///C:/Users/Sx_Ja/OneDrive/Escritorio/coderhouse/BackEnd/proyecto-final/server.js:122:16)
    at Layer.handle [as handle_request] (C:\Users\Sx_Ja\OneDrive\Escritorio\coderhouse\BackEnd\proyecto-final\node_modules\express\lib\router\layer.js:95:5)
    at next (C:\Users\Sx_Ja\OneDrive\Escritorio\coderhouse\BackEnd\proyecto-final\node_modules\express\lib\router\route.js:144:13)
    at Route.dispatch (C:\Users\Sx_Ja\OneDrive\Escritorio\coderhouse\BackEnd\proyecto-final\node_modules\express\lib\router\route.js:114:3)
    at Layer.handle [as handle_request] (C:\Users\Sx_Ja\OneDrive\Escritorio\coderhouse\BackEnd\proyecto-final\node_modules\express\lib\router\layer.js:95:5)
    at C:\Users\Sx_Ja\OneDrive\Escritorio\coderhouse\BackEnd\proyecto-final\node_modules\express\lib\router\index.js:284:15
[2023-02-05T17:44:25.872] [ERROR] default - ReferenceError: category is not defined
    at ProductoFactory.readByCategory (file:///C:/Users/Sx_Ja/OneDrive/Escritorio/coderhouse/BackEnd/proyecto-final/src/classes/products.factory.js:21:56)
    at category (file:///C:/Users/Sx_Ja/OneDrive/Escritorio/coderhouse/BackEnd/proyecto-final/src/controllers/page.controller.js:154:46)
    at Layer.handle [as handle_request] (C:\Users\Sx_Ja\OneDrive\Escritorio\coderhouse\BackEnd\proyecto-final\node_modules\express\lib\router\layer.js:95:5)
    at next (C:\Users\Sx_Ja\OneDrive\Escritorio\coderhouse\BackEnd\proyecto-final\node_modules\express\lib\router\route.js:144:13)
    at auth (file:///C:/Users/Sx_Ja/OneDrive/Escritorio/coderhouse/BackEnd/proyecto-final/server.js:122:16)
    at Layer.handle [as handle_request] (C:\Users\Sx_Ja\OneDrive\Escritorio\coderhouse\BackEnd\proyecto-final\node_modules\express\lib\router\layer.js:95:5)
    at next (C:\Users\Sx_Ja\OneDrive\Escritorio\coderhouse\BackEnd\proyecto-final\node_modules\express\lib\router\route.js:144:13)
    at Route.dispatch (C:\Users\Sx_Ja\OneDrive\Escritorio\coderhouse\BackEnd\proyecto-final\node_modules\express\lib\router\route.js:114:3)
    at Layer.handle [as handle_request] (C:\Users\Sx_Ja\OneDrive\Escritorio\coderhouse\BackEnd\proyecto-final\node_modules\express\lib\router\layer.js:95:5)
    at C:\Users\Sx_Ja\OneDrive\Escritorio\coderhouse\BackEnd\proyecto-final\node_modules\express\lib\router\index.js:284:15
[2023-02-05T17:47:47.623] [ERROR] default - Failed to find the object
[2023-02-05T17:47:47.625] [ERROR] default - Failed to find the object
[2023-02-05T17:47:47.815] [ERROR] default - TypeError: Cannot read properties of undefined (reading 'name')
    at new ProductDto (file:///C:/Users/Sx_Ja/OneDrive/Escritorio/coderhouse/BackEnd/proyecto-final/src/classes/products.dtos.js:3:29)
    at ProductoFactory.read (file:///C:/Users/Sx_Ja/OneDrive/Escritorio/coderhouse/BackEnd/proyecto-final/src/classes/products.factory.js:13:28)
    at async productID (file:///C:/Users/Sx_Ja/OneDrive/Escritorio/coderhouse/BackEnd/proyecto-final/src/controllers/page.controller.js:99:21)
[2023-02-05T17:47:47.818] [ERROR] default - TypeError: Cannot read properties of undefined (reading 'name')
    at new ProductDto (file:///C:/Users/Sx_Ja/OneDrive/Escritorio/coderhouse/BackEnd/proyecto-final/src/classes/products.dtos.js:3:29)
    at ProductoFactory.read (file:///C:/Users/Sx_Ja/OneDrive/Escritorio/coderhouse/BackEnd/proyecto-final/src/classes/products.factory.js:13:28)
    at async productID (file:///C:/Users/Sx_Ja/OneDrive/Escritorio/coderhouse/BackEnd/proyecto-final/src/controllers/page.controller.js:99:21)
[2023-02-05T17:47:51.705] [ERROR] default - Failed to find the object
[2023-02-05T17:47:51.900] [ERROR] default - TypeError: Cannot read properties of undefined (reading 'name')
    at new ProductDto (file:///C:/Users/Sx_Ja/OneDrive/Escritorio/coderhouse/BackEnd/proyecto-final/src/classes/products.dtos.js:3:29)
    at ProductoFactory.read (file:///C:/Users/Sx_Ja/OneDrive/Escritorio/coderhouse/BackEnd/proyecto-final/src/classes/products.factory.js:13:28)
    at async productID (file:///C:/Users/Sx_Ja/OneDrive/Escritorio/coderhouse/BackEnd/proyecto-final/src/controllers/page.controller.js:99:21)
[2023-02-05T18:28:38.468] [ERROR] default - Failed to find the object
[2023-02-05T18:28:38.705] [ERROR] default - TypeError: Cannot read properties of undefined (reading 'name')
    at new ProductDto (file:///C:/Users/Sx_Ja/OneDrive/Escritorio/coderhouse/BackEnd/proyecto-final/src/classes/products.dtos.js:3:29)
    at ProductoFactory.read (file:///C:/Users/Sx_Ja/OneDrive/Escritorio/coderhouse/BackEnd/proyecto-final/src/classes/products.factory.js:13:28)
    at async productID (file:///C:/Users/Sx_Ja/OneDrive/Escritorio/coderhouse/BackEnd/proyecto-final/src/controllers/page.controller.js:103:21)
[2023-02-05T18:28:38.715] [ERROR] default - TypeError: console.log(...) is not a function
    at productID (file:///C:/Users/Sx_Ja/OneDrive/Escritorio/coderhouse/BackEnd/proyecto-final/src/controllers/page.controller.js:105:9)
[2023-02-05T18:29:58.193] [ERROR] default - TypeError: console.log(...) is not a function
    at productID (file:///C:/Users/Sx_Ja/OneDrive/Escritorio/coderhouse/BackEnd/proyecto-final/src/controllers/page.controller.js:105:9)
[2023-02-05T18:31:28.263] [ERROR] default - Failed to read all objects
[2023-02-05T18:31:28.271] [ERROR] default - Failed to find the object
[2023-02-05T18:31:28.282] [ERROR] default - TypeError: Cannot read properties of undefined (reading 'map')
    at ProductoFactory.readAll (file:///C:/Users/Sx_Ja/OneDrive/Escritorio/coderhouse/BackEnd/proyecto-final/src/classes/products.factory.js:30:25)
    at async home (file:///C:/Users/Sx_Ja/OneDrive/Escritorio/coderhouse/BackEnd/proyecto-final/src/controllers/page.controller.js:41:25)
[2023-02-05T18:31:28.288] [ERROR] default - TypeError: Cannot read properties of undefined (reading 'name')
    at new ProductDto (file:///C:/Users/Sx_Ja/OneDrive/Escritorio/coderhouse/BackEnd/proyecto-final/src/classes/products.dtos.js:3:29)
    at ProductoFactory.read (file:///C:/Users/Sx_Ja/OneDrive/Escritorio/coderhouse/BackEnd/proyecto-final/src/classes/products.factory.js:13:28)
    at async productID (file:///C:/Users/Sx_Ja/OneDrive/Escritorio/coderhouse/BackEnd/proyecto-final/src/controllers/page.controller.js:103:21)
[2023-02-05T18:32:13.805] [ERROR] default - Failed to find the object
[2023-02-05T18:32:14.001] [ERROR] default - TypeError: Cannot read properties of undefined (reading 'name')
    at new ProductDto (file:///C:/Users/Sx_Ja/OneDrive/Escritorio/coderhouse/BackEnd/proyecto-final/src/classes/products.dtos.js:3:29)
    at ProductoFactory.read (file:///C:/Users/Sx_Ja/OneDrive/Escritorio/coderhouse/BackEnd/proyecto-final/src/classes/products.factory.js:13:28)
    at async productID (file:///C:/Users/Sx_Ja/OneDrive/Escritorio/coderhouse/BackEnd/proyecto-final/src/controllers/page.controller.js:103:21)
[2023-02-05T19:16:11.156] [ERROR] default - TypeError: Cannot read properties of undefined (reading 'name')
    at cartController (file:///C:/Users/Sx_Ja/OneDrive/Escritorio/coderhouse/BackEnd/proyecto-final/src/controllers/page.controller.js:71:33)
[2023-02-05T21:54:43.548] [ERROR] default - Failed connecting to MongoDB
[2023-02-05T21:55:49.604] [ERROR] default - Failed connecting to MongoDB
[2023-02-05T22:00:17.592] [ERROR] default - Failed connecting to MongoDB
[2023-02-05T22:00:54.576] [ERROR] default - Failed connecting to MongoDB
[2023-02-05T22:03:45.429] [ERROR] default - Failed connecting to MongoDB
[2023-02-05T22:10:21.353] [ERROR] default - Failed connecting to MongoDB
[2023-02-05T22:17:19.654] [ERROR] default - Failed connecting to MongoDB
[2023-02-05T22:18:06.407] [ERROR] default - Failed connecting to MongoDB
[2023-02-05T22:30:16.013] [ERROR] default - Failed connecting to MongoDB
[2023-02-05T22:31:28.320] [ERROR] default - Failed connecting to MongoDB
[2023-02-05T23:09:29.482] [WARN] default - Ruta desconocida { ruta: { '0': '/productos/add/images/cart.png' } }
[2023-02-05T23:09:30.916] [WARN] default - Ruta desconocida { ruta: { '0': '/productos/add/scripts/index.js' } }
[2023-02-05T23:10:17.835] [WARN] default - Ruta desconocida { ruta: { '0': '/productos/images/doble.jpeg' } }
[2023-02-05T23:10:18.694] [WARN] default - Ruta desconocida { ruta: { '0': '/productos/add/images/cart.png' } }
[2023-02-05T23:10:18.713] [WARN] default - Ruta desconocida { ruta: { '0': '/productos/add/scripts/index.js' } }
[2023-02-05T23:10:39.574] [WARN] default - Ruta desconocida { ruta: { '0': '/productos/add/images/cart.png' } }
[2023-02-05T23:10:39.577] [WARN] default - Ruta desconocida { ruta: { '0': '/productos/images/doble.jpeg' } }
[2023-02-05T23:10:39.583] [WARN] default - Ruta desconocida { ruta: { '0': '/productos/add/scripts/index.js' } }
[2023-02-05T23:13:40.392] [ERROR] default - ReferenceError: render is not defined
    at home (file:///C:/Users/Sx_Ja/OneDrive/Escritorio/coderhouse/BackEnd/proyecto-final/src/controllers/page.controller.js:37:5)
[2023-02-05T23:15:39.879] [WARN] default - Ruta desconocida { ruta: { '0': '/productos/add/images/cart.png' } }
[2023-02-05T23:15:41.030] [WARN] default - Ruta desconocida { ruta: { '0': '/productos/add/scripts/index.js' } }
[2023-02-05T23:15:41.037] [WARN] default - Ruta desconocida { ruta: { '0': '/productos/images/doble.jpeg' } }
[2023-02-05T23:16:29.742] [WARN] default - Ruta desconocida { ruta: { '0': '/productos/add/images/cart.png' } }
[2023-02-05T23:16:30.969] [WARN] default - Ruta desconocida { ruta: { '0': '/productos/images/doble.jpeg' } }
[2023-02-05T23:16:30.981] [WARN] default - Ruta desconocida { ruta: { '0': '/productos/add/scripts/index.js' } }
[2023-02-05T23:21:24.107] [ERROR] default - Failed to find the object
[2023-02-05T23:21:24.110] [ERROR] default - Failed to find the object
[2023-02-05T23:21:24.120] [ERROR] default - TypeError: Cannot read properties of undefined (reading 'name')
    at new ProductDto (file:///C:/Users/Sx_Ja/OneDrive/Escritorio/coderhouse/BackEnd/proyecto-final/src/classes/products.dtos.js:3:29)
    at ProductoFactory.read (file:///C:/Users/Sx_Ja/OneDrive/Escritorio/coderhouse/BackEnd/proyecto-final/src/classes/products.factory.js:13:28)
    at async saveProduct (file:///C:/Users/Sx_Ja/OneDrive/Escritorio/coderhouse/BackEnd/proyecto-final/src/controllers/page.controller.js:159:21)
[2023-02-05T23:21:24.122] [ERROR] default - TypeError: Cannot read properties of undefined (reading 'name')
    at new ProductDto (file:///C:/Users/Sx_Ja/OneDrive/Escritorio/coderhouse/BackEnd/proyecto-final/src/classes/products.dtos.js:3:29)
    at ProductoFactory.read (file:///C:/Users/Sx_Ja/OneDrive/Escritorio/coderhouse/BackEnd/proyecto-final/src/classes/products.factory.js:13:28)
    at async saveProduct (file:///C:/Users/Sx_Ja/OneDrive/Escritorio/coderhouse/BackEnd/proyecto-final/src/controllers/page.controller.js:159:21)
[2023-02-05T23:21:26.746] [WARN] default - Ruta desconocida { ruta: { '0': '/alt="logo' } }
[2023-02-05T23:36:58.423] [ERROR] default - Error: Missing credentials for "PLAIN"
    at SMTPConnection._formatError (C:\Users\Sx_Ja\OneDrive\Escritorio\coderhouse\BackEnd\proyecto-final\node_modules\nodemailer\lib\smtp-connection\index.js:790:19)
    at SMTPConnection.login (C:\Users\Sx_Ja\OneDrive\Escritorio\coderhouse\BackEnd\proyecto-final\node_modules\nodemailer\lib\smtp-connection\index.js:444:38)
    at C:\Users\Sx_Ja\OneDrive\Escritorio\coderhouse\BackEnd\proyecto-final\node_modules\nodemailer\lib\smtp-transport\index.js:272:32
    at SMTPConnection.<anonymous> (C:\Users\Sx_Ja\OneDrive\Escritorio\coderhouse\BackEnd\proyecto-final\node_modules\nodemailer\lib\smtp-connection\index.js:213:17)
    at Object.onceWrapper (node:events:627:28)
    at SMTPConnection.emit (node:events:513:28)
    at SMTPConnection._actionEHLO (C:\Users\Sx_Ja\OneDrive\Escritorio\coderhouse\BackEnd\proyecto-final\node_modules\nodemailer\lib\smtp-connection\index.js:1331:14)
    at SMTPConnection._processResponse (C:\Users\Sx_Ja\OneDrive\Escritorio\coderhouse\BackEnd\proyecto-final\node_modules\nodemailer\lib\smtp-connection\index.js:953:20)
    at SMTPConnection._onData (C:\Users\Sx_Ja\OneDrive\Escritorio\coderhouse\BackEnd\proyecto-final\node_modules\nodemailer\lib\smtp-connection\index.js:755:14)
    at SMTPConnection._onSocketData (C:\Users\Sx_Ja\OneDrive\Escritorio\coderhouse\BackEnd\proyecto-final\node_modules\nodemailer\lib\smtp-connection\index.js:193:44) {
  code: 'EAUTH',
  command: 'API'
}
[2023-02-05T23:40:34.382] [ERROR] default - Error: Missing credentials for "PLAIN"
    at SMTPConnection._formatError (C:\Users\Sx_Ja\OneDrive\Escritorio\coderhouse\BackEnd\proyecto-final\node_modules\nodemailer\lib\smtp-connection\index.js:790:19)
    at SMTPConnection.login (C:\Users\Sx_Ja\OneDrive\Escritorio\coderhouse\BackEnd\proyecto-final\node_modules\nodemailer\lib\smtp-connection\index.js:444:38)
    at C:\Users\Sx_Ja\OneDrive\Escritorio\coderhouse\BackEnd\proyecto-final\node_modules\nodemailer\lib\smtp-transport\index.js:272:32
    at SMTPConnection.<anonymous> (C:\Users\Sx_Ja\OneDrive\Escritorio\coderhouse\BackEnd\proyecto-final\node_modules\nodemailer\lib\smtp-connection\index.js:213:17)
    at Object.onceWrapper (node:events:627:28)
    at SMTPConnection.emit (node:events:513:28)
    at SMTPConnection._actionEHLO (C:\Users\Sx_Ja\OneDrive\Escritorio\coderhouse\BackEnd\proyecto-final\node_modules\nodemailer\lib\smtp-connection\index.js:1331:14)
    at SMTPConnection._processResponse (C:\Users\Sx_Ja\OneDrive\Escritorio\coderhouse\BackEnd\proyecto-final\node_modules\nodemailer\lib\smtp-connection\index.js:953:20)
    at SMTPConnection._onData (C:\Users\Sx_Ja\OneDrive\Escritorio\coderhouse\BackEnd\proyecto-final\node_modules\nodemailer\lib\smtp-connection\index.js:755:14)
    at SMTPConnection._onSocketData (C:\Users\Sx_Ja\OneDrive\Escritorio\coderhouse\BackEnd\proyecto-final\node_modules\nodemailer\lib\smtp-connection\index.js:193:44) {
  code: 'EAUTH',
  command: 'API'
}
[2023-02-05T23:45:14.078] [ERROR] default - Error: Missing credentials for "PLAIN"
    at SMTPConnection._formatError (C:\Users\Sx_Ja\OneDrive\Escritorio\coderhouse\BackEnd\proyecto-final\node_modules\nodemailer\lib\smtp-connection\index.js:790:19)
    at SMTPConnection.login (C:\Users\Sx_Ja\OneDrive\Escritorio\coderhouse\BackEnd\proyecto-final\node_modules\nodemailer\lib\smtp-connection\index.js:444:38)
    at C:\Users\Sx_Ja\OneDrive\Escritorio\coderhouse\BackEnd\proyecto-final\node_modules\nodemailer\lib\smtp-transport\index.js:272:32
    at SMTPConnection.<anonymous> (C:\Users\Sx_Ja\OneDrive\Escritorio\coderhouse\BackEnd\proyecto-final\node_modules\nodemailer\lib\smtp-connection\index.js:213:17)
    at Object.onceWrapper (node:events:627:28)
    at SMTPConnection.emit (node:events:513:28)
    at SMTPConnection._actionEHLO (C:\Users\Sx_Ja\OneDrive\Escritorio\coderhouse\BackEnd\proyecto-final\node_modules\nodemailer\lib\smtp-connection\index.js:1331:14)
    at SMTPConnection._processResponse (C:\Users\Sx_Ja\OneDrive\Escritorio\coderhouse\BackEnd\proyecto-final\node_modules\nodemailer\lib\smtp-connection\index.js:953:20)
    at SMTPConnection._onData (C:\Users\Sx_Ja\OneDrive\Escritorio\coderhouse\BackEnd\proyecto-final\node_modules\nodemailer\lib\smtp-connection\index.js:755:14)
    at SMTPConnection._onSocketData (C:\Users\Sx_Ja\OneDrive\Escritorio\coderhouse\BackEnd\proyecto-final\node_modules\nodemailer\lib\smtp-connection\index.js:193:44) {
  code: 'EAUTH',
  command: 'API'
}
[2023-02-06T08:33:46.951] [ERROR] default - ReferenceError: admin is not defined
    at registerUser (file:///C:/Users/Sx_Ja/OneDrive/Escritorio/coderhouse/BackEnd/proyecto-final/src/controllers/page.controller.js:148:22)
[2023-02-06T08:42:29.894] [WARN] default - Usuario ya se registro
[2023-02-06T09:07:56.429] [ERROR] default - Failed when saving a new object
[2023-02-06T09:07:56.438] [ERROR] default - TypeError: Cannot read properties of undefined (reading 'numberOrder')
    at cartAdminMessage (file:///C:/Users/Sx_Ja/OneDrive/Escritorio/coderhouse/BackEnd/proyecto-final/src/utils/nodemailer.js:49:51)
    at Socket.<anonymous> (file:///C:/Users/Sx_Ja/OneDrive/Escritorio/coderhouse/BackEnd/proyecto-final/server.js:177:9)
[2023-02-06T09:10:04.722] [ERROR] default - Failed to read all objects
[2023-02-06T09:10:04.732] [ERROR] default - TypeError: Cannot read properties of undefined (reading 'map')
    at ProductoFactory.readAll (file:///C:/Users/Sx_Ja/OneDrive/Escritorio/coderhouse/BackEnd/proyecto-final/src/classes/products.factory.js:30:25)
    at async home (file:///C:/Users/Sx_Ja/OneDrive/Escritorio/coderhouse/BackEnd/proyecto-final/src/controllers/page.controller.js:36:25)
[2023-02-06T09:11:07.549] [ERROR] default - Failed when saving a new object
[2023-02-06T09:11:07.568] [ERROR] default - TypeError: Cannot read properties of undefined (reading 'numberOrder')
    at cartAdminMessage (file:///C:/Users/Sx_Ja/OneDrive/Escritorio/coderhouse/BackEnd/proyecto-final/src/utils/nodemailer.js:49:51)
    at Socket.<anonymous> (file:///C:/Users/Sx_Ja/OneDrive/Escritorio/coderhouse/BackEnd/proyecto-final/server.js:177:9)
[2023-02-06T09:12:15.961] [WARN] default - Ruta desconocida { ruta: { '0': '/api/orders' } }
[2023-02-06T09:14:03.409] [ERROR] default - Failed when saving a new object
[2023-02-06T09:14:03.423] [ERROR] default - TypeError: Cannot read properties of undefined (reading 'numberOrder')
    at cartAdminMessage (file:///C:/Users/Sx_Ja/OneDrive/Escritorio/coderhouse/BackEnd/proyecto-final/src/utils/nodemailer.js:49:51)
    at Socket.<anonymous> (file:///C:/Users/Sx_Ja/OneDrive/Escritorio/coderhouse/BackEnd/proyecto-final/server.js:176:9)
[2023-02-06T09:15:48.900] [ERROR] default - Failed when saving a new object
[2023-02-06T09:15:48.903] [ERROR] default - TypeError: Cannot read properties of undefined (reading 'numberOrder')
    at cartAdminMessage (file:///C:/Users/Sx_Ja/OneDrive/Escritorio/coderhouse/BackEnd/proyecto-final/src/utils/nodemailer.js:49:51)
    at Socket.<anonymous> (file:///C:/Users/Sx_Ja/OneDrive/Escritorio/coderhouse/BackEnd/proyecto-final/server.js:176:9)
[2023-02-06T09:17:36.226] [ERROR] default - Failed when saving a new object
[2023-02-06T09:17:36.427] [ERROR] default - Failed to read all objects
[2023-02-06T09:17:36.429] [ERROR] default - Failed to read all objects
[2023-02-06T09:17:36.435] [ERROR] default - TypeError: Cannot read properties of undefined (reading 'map')
    at ProductoFactory.readAll (file:///C:/Users/Sx_Ja/OneDrive/Escritorio/coderhouse/BackEnd/proyecto-final/src/classes/products.factory.js:30:25)
    at async home (file:///C:/Users/Sx_Ja/OneDrive/Escritorio/coderhouse/BackEnd/proyecto-final/src/controllers/page.controller.js:36:25)
[2023-02-06T09:17:36.438] [ERROR] default - TypeError: Cannot read properties of undefined (reading 'numberOrder')
    at cartAdminMessage (file:///C:/Users/Sx_Ja/OneDrive/Escritorio/coderhouse/BackEnd/proyecto-final/src/utils/nodemailer.js:49:51)
    at Socket.<anonymous> (file:///C:/Users/Sx_Ja/OneDrive/Escritorio/coderhouse/BackEnd/proyecto-final/server.js:176:9)
[2023-02-06T09:18:20.669] [ERROR] default - Failed when saving a new object
[2023-02-06T09:18:20.869] [ERROR] default - Failed to read all objects
[2023-02-06T09:18:20.869] [ERROR] default - Failed to read all objects
[2023-02-06T09:18:20.881] [ERROR] default - TypeError: Cannot read properties of undefined (reading 'map')
    at ProductoFactory.readAll (file:///C:/Users/Sx_Ja/OneDrive/Escritorio/coderhouse/BackEnd/proyecto-final/src/classes/products.factory.js:30:25)
    at async home (file:///C:/Users/Sx_Ja/OneDrive/Escritorio/coderhouse/BackEnd/proyecto-final/src/controllers/page.controller.js:36:25)
[2023-02-06T09:18:20.882] [ERROR] default - TypeError: Cannot read properties of undefined (reading 'numberOrder')
    at cartAdminMessage (file:///C:/Users/Sx_Ja/OneDrive/Escritorio/coderhouse/BackEnd/proyecto-final/src/utils/nodemailer.js:49:51)
    at Socket.<anonymous> (file:///C:/Users/Sx_Ja/OneDrive/Escritorio/coderhouse/BackEnd/proyecto-final/server.js:176:9)
[2023-02-06T09:19:14.008] [ERROR] default - Failed when saving a new object
[2023-02-06T09:19:14.181] [ERROR] default - Failed to read all objects
[2023-02-06T09:19:14.183] [ERROR] default - Failed to read all objects
[2023-02-06T09:19:14.194] [ERROR] default - TypeError: Cannot read properties of undefined (reading 'map')
    at ProductoFactory.readAll (file:///C:/Users/Sx_Ja/OneDrive/Escritorio/coderhouse/BackEnd/proyecto-final/src/classes/products.factory.js:30:25)
    at async home (file:///C:/Users/Sx_Ja/OneDrive/Escritorio/coderhouse/BackEnd/proyecto-final/src/controllers/page.controller.js:36:25)
[2023-02-06T09:19:14.197] [ERROR] default - TypeError: Cannot read properties of undefined (reading 'numberOrder')
    at cartAdminMessage (file:///C:/Users/Sx_Ja/OneDrive/Escritorio/coderhouse/BackEnd/proyecto-final/src/utils/nodemailer.js:49:51)
    at Socket.<anonymous> (file:///C:/Users/Sx_Ja/OneDrive/Escritorio/coderhouse/BackEnd/proyecto-final/server.js:176:9)
[2023-02-06T09:19:36.335] [ERROR] default - Failed to read all objects
[2023-02-06T09:20:59.001] [ERROR] default - Failed to read all objects
[2023-02-06T09:20:59.005] [ERROR] default - TypeError: Cannot read properties of undefined (reading 'map')
    at ProductoFactory.readAll (file:///C:/Users/Sx_Ja/OneDrive/Escritorio/coderhouse/BackEnd/proyecto-final/src/classes/products.factory.js:30:25)
    at async home (file:///C:/Users/Sx_Ja/OneDrive/Escritorio/coderhouse/BackEnd/proyecto-final/src/controllers/page.controller.js:36:25)
[2023-02-06T11:42:05.844] [WARN] default - Ruta desconocida { ruta: { '0': '/favicon.ico' } }
[2023-02-06T20:46:14.568] [ERROR] default - Failed when saving a new object
[2023-02-06T20:49:31.977] [ERROR] default - Failed when saving a new object
[2023-02-06T20:59:14.167] [WARN] default - Ruta desconocida { ruta: { '0': '/hola' } }
[2023-02-06T20:59:31.221] [WARN] default - Ruta desconocida { ruta: { '0': '/hola' } }
[2023-02-06T21:00:15.709] [WARN] default - Ruta desconocida { ruta: { '0': '/hola' } }
[2023-02-06T21:00:59.016] [ERROR] default - Failed to read all objects
[2023-02-06T21:01:46.625] [ERROR] default - Failed to read all objects
[2023-02-06T21:02:17.486] [ERROR] default - Failed when saving a new object
[2023-02-06T21:03:19.638] [ERROR] default - Failed when saving a new object
[2023-02-06T21:06:56.384] [ERROR] default - Failed when saving a new object
[2023-02-06T21:07:43.532] [ERROR] default - Failed to read all objects
[2023-02-06T21:09:06.191] [ERROR] default - Failed to read all objects
[2023-02-06T21:11:08.682] [ERROR] default - Failed to read all objects
[2023-02-06T21:22:10.830] [ERROR] default - Failed when saving a new object
[2023-02-06T21:23:42.294] [ERROR] default - Failed when saving a new object
[2023-02-06T21:26:22.589] [ERROR] default - Failed when saving a new object
[2023-02-06T21:39:54.096] [ERROR] default - Failed to read all objects
[2023-02-06T21:41:02.146] [ERROR] default - Failed to read all objects
[2023-02-06T21:41:26.324] [ERROR] default - Failed when saving a new object
[2023-02-06T21:42:08.659] [ERROR] default - Failed when saving a new object
[2023-02-06T23:16:36.740] [ERROR] default - Failed when saving a new object
[2023-02-06T23:17:36.595] [ERROR] default - Failed when saving a new object
[2023-02-06T23:22:43.198] [ERROR] default - Failed when saving a new object
[2023-02-06T23:32:23.654] [ERROR] default - Imposible encontrar chats del usuario MongoNotConnectedError: Client must be connected before running operations
    at executeOperationAsync (C:\Users\Sx_Ja\OneDrive\Escritorio\coderhouse\BackEnd\proyecto-final\node_modules\mongodb\lib\operations\execute_operation.js:24:19)
    at C:\Users\Sx_Ja\OneDrive\Escritorio\coderhouse\BackEnd\proyecto-final\node_modules\mongodb\lib\operations\execute_operation.js:12:45
    at maybeCallback (C:\Users\Sx_Ja\OneDrive\Escritorio\coderhouse\BackEnd\proyecto-final\node_modules\mongodb\lib\utils.js:338:21)
    at executeOperation (C:\Users\Sx_Ja\OneDrive\Escritorio\coderhouse\BackEnd\proyecto-final\node_modules\mongodb\lib\operations\execute_operation.js:12:38)
    at FindCursor._initialize (C:\Users\Sx_Ja\OneDrive\Escritorio\coderhouse\BackEnd\proyecto-final\node_modules\mongodb\lib\cursor\find_cursor.js:54:50)
    at [kInit] (C:\Users\Sx_Ja\OneDrive\Escritorio\coderhouse\BackEnd\proyecto-final\node_modules\mongodb\lib\cursor\abstract_cursor.js:444:14)
    at next (C:\Users\Sx_Ja\OneDrive\Escritorio\coderhouse\BackEnd\proyecto-final\node_modules\mongodb\lib\cursor\abstract_cursor.js:512:22)
    at node:internal/util:364:7
    at new Promise (<anonymous>)
    at next (node:internal/util:350:12) {
  [Symbol(errorLabels)]: Set(0) {}
}
[2023-02-06T23:32:24.255] [WARN] default - Ruta desconocida { ruta: { '0': '/chat/scripts/socket.js' } }
[2023-02-06T23:35:42.053] [ERROR] default - Imposible encontrar chats del usuario MongoNotConnectedError: Client must be connected before running operations
    at executeOperationAsync (C:\Users\Sx_Ja\OneDrive\Escritorio\coderhouse\BackEnd\proyecto-final\node_modules\mongodb\lib\operations\execute_operation.js:24:19)
    at C:\Users\Sx_Ja\OneDrive\Escritorio\coderhouse\BackEnd\proyecto-final\node_modules\mongodb\lib\operations\execute_operation.js:12:45
    at maybeCallback (C:\Users\Sx_Ja\OneDrive\Escritorio\coderhouse\BackEnd\proyecto-final\node_modules\mongodb\lib\utils.js:338:21)
    at executeOperation (C:\Users\Sx_Ja\OneDrive\Escritorio\coderhouse\BackEnd\proyecto-final\node_modules\mongodb\lib\operations\execute_operation.js:12:38)
    at FindCursor._initialize (C:\Users\Sx_Ja\OneDrive\Escritorio\coderhouse\BackEnd\proyecto-final\node_modules\mongodb\lib\cursor\find_cursor.js:54:50)
    at [kInit] (C:\Users\Sx_Ja\OneDrive\Escritorio\coderhouse\BackEnd\proyecto-final\node_modules\mongodb\lib\cursor\abstract_cursor.js:444:14)
    at next (C:\Users\Sx_Ja\OneDrive\Escritorio\coderhouse\BackEnd\proyecto-final\node_modules\mongodb\lib\cursor\abstract_cursor.js:512:22)
    at node:internal/util:364:7
    at new Promise (<anonymous>)
    at next (node:internal/util:350:12) {
  [Symbol(errorLabels)]: Set(0) {}
}
[2023-02-06T23:35:42.713] [WARN] default - Ruta desconocida { ruta: { '0': '/chat/scripts/socket.js' } }
[2023-02-06T23:38:35.935] [ERROR] default - Imposible encontrar chats del usuario MongoNotConnectedError: Client must be connected before running operations
    at executeOperationAsync (C:\Users\Sx_Ja\OneDrive\Escritorio\coderhouse\BackEnd\proyecto-final\node_modules\mongodb\lib\operations\execute_operation.js:24:19)
    at C:\Users\Sx_Ja\OneDrive\Escritorio\coderhouse\BackEnd\proyecto-final\node_modules\mongodb\lib\operations\execute_operation.js:12:45
    at maybeCallback (C:\Users\Sx_Ja\OneDrive\Escritorio\coderhouse\BackEnd\proyecto-final\node_modules\mongodb\lib\utils.js:338:21)
    at executeOperation (C:\Users\Sx_Ja\OneDrive\Escritorio\coderhouse\BackEnd\proyecto-final\node_modules\mongodb\lib\operations\execute_operation.js:12:38)
    at FindCursor._initialize (C:\Users\Sx_Ja\OneDrive\Escritorio\coderhouse\BackEnd\proyecto-final\node_modules\mongodb\lib\cursor\find_cursor.js:54:50)
    at [kInit] (C:\Users\Sx_Ja\OneDrive\Escritorio\coderhouse\BackEnd\proyecto-final\node_modules\mongodb\lib\cursor\abstract_cursor.js:444:14)
    at next (C:\Users\Sx_Ja\OneDrive\Escritorio\coderhouse\BackEnd\proyecto-final\node_modules\mongodb\lib\cursor\abstract_cursor.js:512:22)
    at node:internal/util:364:7
    at new Promise (<anonymous>)
    at next (node:internal/util:350:12) {
  [Symbol(errorLabels)]: Set(0) {}
}
[2023-02-07T00:00:22.973] [ERROR] default - Failed when saving a new object
[2023-02-07T00:14:39.569] [ERROR] default - Failed when saving a new object
[2023-02-07T00:16:19.800] [ERROR] default - Failed when saving a new object
[2023-02-07T02:13:28.677] [WARN] default - Ruta desconocida { ruta: { '0': '/favicon.ico' } }
[2023-02-07T02:23:48.218] [WARN] default - Ruta desconocida { ruta: { '0': '/favicon.ico' } }
[2023-02-07T11:36:23.973] [WARN] default - Ruta desconocida { ruta: { '0': '/favicon.ico' } }
[2023-02-07T11:44:26.939] [WARN] default - Ruta desconocida { ruta: { '0': '/favicon.ico' } }
[2023-02-07T21:11:38.669] [ERROR] default - ReferenceError: token is not defined
    at jwtPassport (file:///C:/Users/Sx_Ja/OneDrive/Escritorio/coderhouse/BackEnd/proyecto-final/src/utils/jwt.js:29:30)
    at Layer.handle [as handle_request] (C:\Users\Sx_Ja\OneDrive\Escritorio\coderhouse\BackEnd\proyecto-final\node_modules\express\lib\router\layer.js:95:5)
    at next (C:\Users\Sx_Ja\OneDrive\Escritorio\coderhouse\BackEnd\proyecto-final\node_modules\express\lib\router\route.js:144:13)
    at Route.dispatch (C:\Users\Sx_Ja\OneDrive\Escritorio\coderhouse\BackEnd\proyecto-final\node_modules\express\lib\router\route.js:114:3)
    at Layer.handle [as handle_request] (C:\Users\Sx_Ja\OneDrive\Escritorio\coderhouse\BackEnd\proyecto-final\node_modules\express\lib\router\layer.js:95:5)
    at C:\Users\Sx_Ja\OneDrive\Escritorio\coderhouse\BackEnd\proyecto-final\node_modules\express\lib\router\index.js:284:15
    at Function.process_params (C:\Users\Sx_Ja\OneDrive\Escritorio\coderhouse\BackEnd\proyecto-final\node_modules\express\lib\router\index.js:346:12)
    at next (C:\Users\Sx_Ja\OneDrive\Escritorio\coderhouse\BackEnd\proyecto-final\node_modules\express\lib\router\index.js:280:10)
    at Function.handle (C:\Users\Sx_Ja\OneDrive\Escritorio\coderhouse\BackEnd\proyecto-final\node_modules\express\lib\router\index.js:175:3)
    at router (C:\Users\Sx_Ja\OneDrive\Escritorio\coderhouse\BackEnd\proyecto-final\node_modules\express\lib\router\index.js:47:12) error en el fetch
[2023-02-07T21:11:42.685] [ERROR] default - ReferenceError: token is not defined
    at jwtPassport (file:///C:/Users/Sx_Ja/OneDrive/Escritorio/coderhouse/BackEnd/proyecto-final/src/utils/jwt.js:29:30)
    at Layer.handle [as handle_request] (C:\Users\Sx_Ja\OneDrive\Escritorio\coderhouse\BackEnd\proyecto-final\node_modules\express\lib\router\layer.js:95:5)
    at next (C:\Users\Sx_Ja\OneDrive\Escritorio\coderhouse\BackEnd\proyecto-final\node_modules\express\lib\router\route.js:144:13)
    at Route.dispatch (C:\Users\Sx_Ja\OneDrive\Escritorio\coderhouse\BackEnd\proyecto-final\node_modules\express\lib\router\route.js:114:3)
    at Layer.handle [as handle_request] (C:\Users\Sx_Ja\OneDrive\Escritorio\coderhouse\BackEnd\proyecto-final\node_modules\express\lib\router\layer.js:95:5)
    at C:\Users\Sx_Ja\OneDrive\Escritorio\coderhouse\BackEnd\proyecto-final\node_modules\express\lib\router\index.js:284:15
    at Function.process_params (C:\Users\Sx_Ja\OneDrive\Escritorio\coderhouse\BackEnd\proyecto-final\node_modules\express\lib\router\index.js:346:12)
    at next (C:\Users\Sx_Ja\OneDrive\Escritorio\coderhouse\BackEnd\proyecto-final\node_modules\express\lib\router\index.js:280:10)
    at Function.handle (C:\Users\Sx_Ja\OneDrive\Escritorio\coderhouse\BackEnd\proyecto-final\node_modules\express\lib\router\index.js:175:3)
    at router (C:\Users\Sx_Ja\OneDrive\Escritorio\coderhouse\BackEnd\proyecto-final\node_modules\express\lib\router\index.js:47:12) error en el fetch
[2023-02-07T21:13:18.644] [ERROR] default - ReferenceError: token is not defined
    at jwtPassport (file:///C:/Users/Sx_Ja/OneDrive/Escritorio/coderhouse/BackEnd/proyecto-final/src/utils/jwt.js:29:43)
    at Layer.handle [as handle_request] (C:\Users\Sx_Ja\OneDrive\Escritorio\coderhouse\BackEnd\proyecto-final\node_modules\express\lib\router\layer.js:95:5)
    at next (C:\Users\Sx_Ja\OneDrive\Escritorio\coderhouse\BackEnd\proyecto-final\node_modules\express\lib\router\route.js:144:13)
    at Route.dispatch (C:\Users\Sx_Ja\OneDrive\Escritorio\coderhouse\BackEnd\proyecto-final\node_modules\express\lib\router\route.js:114:3)
    at Layer.handle [as handle_request] (C:\Users\Sx_Ja\OneDrive\Escritorio\coderhouse\BackEnd\proyecto-final\node_modules\express\lib\router\layer.js:95:5)
    at C:\Users\Sx_Ja\OneDrive\Escritorio\coderhouse\BackEnd\proyecto-final\node_modules\express\lib\router\index.js:284:15
    at Function.process_params (C:\Users\Sx_Ja\OneDrive\Escritorio\coderhouse\BackEnd\proyecto-final\node_modules\express\lib\router\index.js:346:12)
    at next (C:\Users\Sx_Ja\OneDrive\Escritorio\coderhouse\BackEnd\proyecto-final\node_modules\express\lib\router\index.js:280:10)
    at Function.handle (C:\Users\Sx_Ja\OneDrive\Escritorio\coderhouse\BackEnd\proyecto-final\node_modules\express\lib\router\index.js:175:3)
    at router (C:\Users\Sx_Ja\OneDrive\Escritorio\coderhouse\BackEnd\proyecto-final\node_modules\express\lib\router\index.js:47:12) error en el fetch
[2023-02-07T23:21:15.197] [WARN] default - Ruta desconocida { ruta: { '0': '/home' } }
[2023-02-07T23:21:42.583] [WARN] default - Ruta desconocida { ruta: { '0': '/favicon.ico' } }
[2023-02-07T23:22:59.293] [WARN] default - Ruta desconocida { ruta: { '0': '/favicon.ico' } }
[2023-02-07T23:23:02.214] [WARN] default - Ruta desconocida { ruta: { '0': '/favicon.ico' } }
[2023-02-07T23:24:49.997] [WARN] default - Ruta desconocida { ruta: { '0': '/favicon.ico' } }
[2023-02-07T23:25:32.100] [WARN] default - Ruta desconocida { ruta: { '0': '/favicon.ico' } }
